{"name": "test_allureReport_v3[chrome]", "status": "broken", "statusDetails": {"message": "selenium.common.exceptions.ElementClickInterceptedException: Message: element click intercepted: Element <a class=\"button primary\" href=\"/docs/install/\">...</a> is not clickable at point (212, 547). Other element would receive the click: <p>...</p>\n  (Session info: chrome=134.0.6998.119)\nStacktrace:\n\tGetHandleVerifier [0x00007FF6CFAEFE65+26629]\n\t(No symbol) [0x00007FF6CFA56030]\n\t(No symbol) [0x00007FF6CF8E931A]\n\t(No symbol) [0x00007FF6CF9477A9]\n\t(No symbol) [0x00007FF6CF945162]\n\t(No symbol) [0x00007FF6CF942201]\n\t(No symbol) [0x00007FF6CF941108]\n\t(No symbol) [0x00007FF6CF9328A4]\n\t(No symbol) [0x00007FF6CF967AAA]\n\t(No symbol) [0x00007FF6CF932156]\n\t(No symbol) [0x00007FF6CF967CC0]\n\t(No symbol) [0x00007FF6CF990169]\n\t(No symbol) [0x00007FF6CF967883]\n\t(No symbol) [0x00007FF6CF930550]\n\t(No symbol) [0x00007FF6CF931803]\n\tGetHandleVerifier [0x00007FF6CFE472DD+3529853]\n\tGetHandleVerifier [0x00007FF6CFE5DA42+3621858]\n\tGetHandleVerifier [0x00007FF6CFE524F3+3575443]\n\tGetHandleVerifier [0x00007FF6CFBBB79A+860474]\n\t(No symbol) [0x00007FF6CFA608AF]\n\t(No symbol) [0x00007FF6CFA5CBE4]\n\t(No symbol) [0x00007FF6CFA5CD86]\n\t(No symbol) [0x00007FF6CFA4C2E9]\n\tBaseThreadInitThunk [0x00007FF86D7D259D+29]\n\tRtlUserThreadStart [0x00007FF86EB2AF38+40]", "trace": "setup_teardown = <selenium.webdriver.chrome.webdriver.WebDriver (session=\"39935dd56733a968f30bcdba7be040ed\")>\n\n    @allure.severity(allure.severity_level.BLOCKER)\n    def test_allureReport_v3(setup_teardown):\n        driver = setup_teardown\n        driver.get(\"https://allurereport.org/\")\n        element = driver.find_element(by=By.XPATH, value=\"//a[@class='button primary']\")\n>       element.click()\n\nfixtures_paraWithDriver\\test_diffbrowser.py:28: \n_ _ _ _ _ _ _ _ _ _ _ _ _ _ _ _ _ _ _ _ _ _ _ _ _ _ _ _ _ _ _ _ _ _ _ _ _ _ _ _\n.venv\\Lib\\site-packages\\selenium\\webdriver\\remote\\webelement.py:119: in click\n    self._execute(Command.CLICK_ELEMENT)\n.venv\\Lib\\site-packages\\selenium\\webdriver\\remote\\webelement.py:572: in _execute\n    return self._parent.execute(command, params)\n.venv\\Lib\\site-packages\\selenium\\webdriver\\remote\\webdriver.py:429: in execute\n    self.error_handler.check_response(response)\n_ _ _ _ _ _ _ _ _ _ _ _ _ _ _ _ _ _ _ _ _ _ _ _ _ _ _ _ _ _ _ _ _ _ _ _ _ _ _ _\n\nself = <selenium.webdriver.remote.errorhandler.ErrorHandler object at 0x000001A7277823F0>\nresponse = {'status': 400, 'value': '{\"value\":{\"error\":\"element click intercepted\",\"message\":\"element click intercepted: Element ...07FF6CFA4C2E9]\\\\n\\\\tBaseThreadInitThunk [0x00007FF86D7D259D+29]\\\\n\\\\tRtlUserThreadStart [0x00007FF86EB2AF38+40]\\\\n\"}}'}\n\n    def check_response(self, response: Dict[str, Any]) -> None:\n        \"\"\"Checks that a JSON response from the WebDriver does not have an\n        error.\n    \n        :Args:\n         - response - The JSON response from the WebDriver server as a dictionary\n           object.\n    \n        :Raises: If the response contains an error message.\n        \"\"\"\n        status = response.get(\"status\", None)\n        if not status or status == ErrorCode.SUCCESS:\n            return\n        value = None\n        message = response.get(\"message\", \"\")\n        screen: str = response.get(\"screen\", \"\")\n        stacktrace = None\n        if isinstance(status, int):\n            value_json = response.get(\"value\", None)\n            if value_json and isinstance(value_json, str):\n                import json\n    \n                try:\n                    value = json.loads(value_json)\n                    if len(value) == 1:\n                        value = value[\"value\"]\n                    status = value.get(\"error\", None)\n                    if not status:\n                        status = value.get(\"status\", ErrorCode.UNKNOWN_ERROR)\n                        message = value.get(\"value\") or value.get(\"message\")\n                        if not isinstance(message, str):\n                            value = message\n                            message = message.get(\"message\")\n                    else:\n                        message = value.get(\"message\", None)\n                except ValueError:\n                    pass\n    \n        exception_class: Type[WebDriverException]\n        e = ErrorCode()\n        error_codes = [item for item in dir(e) if not item.startswith(\"__\")]\n        for error_code in error_codes:\n            error_info = getattr(ErrorCode, error_code)\n            if isinstance(error_info, list) and status in error_info:\n                exception_class = getattr(ExceptionMapping, error_code, WebDriverException)\n                break\n        else:\n            exception_class = WebDriverException\n    \n        if not value:\n            value = response[\"value\"]\n        if isinstance(value, str):\n            raise exception_class(value)\n        if message == \"\" and \"message\" in value:\n            message = value[\"message\"]\n    \n        screen = None  # type: ignore[assignment]\n        if \"screen\" in value:\n            screen = value[\"screen\"]\n    \n        stacktrace = None\n        st_value = value.get(\"stackTrace\") or value.get(\"stacktrace\")\n        if st_value:\n            if isinstance(st_value, str):\n                stacktrace = st_value.split(\"\\n\")\n            else:\n                stacktrace = []\n                try:\n                    for frame in st_value:\n                        line = frame.get(\"lineNumber\", \"\")\n                        file = frame.get(\"fileName\", \"<anonymous>\")\n                        if line:\n                            file = f\"{file}:{line}\"\n                        meth = frame.get(\"methodName\", \"<anonymous>\")\n                        if \"className\" in frame:\n                            meth = f\"{frame['className']}.{meth}\"\n                        msg = \"    at %s (%s)\"\n                        msg = msg % (meth, file)\n                        stacktrace.append(msg)\n                except TypeError:\n                    pass\n        if exception_class == UnexpectedAlertPresentException:\n            alert_text = None\n            if \"data\" in value:\n                alert_text = value[\"data\"].get(\"text\")\n            elif \"alert\" in value:\n                alert_text = value[\"alert\"].get(\"text\")\n            raise exception_class(message, screen, stacktrace, alert_text)  # type: ignore[call-arg]  # mypy is not smart enough here\n>       raise exception_class(message, screen, stacktrace)\nE       selenium.common.exceptions.ElementClickInterceptedException: Message: element click intercepted: Element <a class=\"button primary\" href=\"/docs/install/\">...</a> is not clickable at point (212, 547). Other element would receive the click: <p>...</p>\nE         (Session info: chrome=134.0.6998.119)\nE       Stacktrace:\nE       \tGetHandleVerifier [0x00007FF6CFAEFE65+26629]\nE       \t(No symbol) [0x00007FF6CFA56030]\nE       \t(No symbol) [0x00007FF6CF8E931A]\nE       \t(No symbol) [0x00007FF6CF9477A9]\nE       \t(No symbol) [0x00007FF6CF945162]\nE       \t(No symbol) [0x00007FF6CF942201]\nE       \t(No symbol) [0x00007FF6CF941108]\nE       \t(No symbol) [0x00007FF6CF9328A4]\nE       \t(No symbol) [0x00007FF6CF967AAA]\nE       \t(No symbol) [0x00007FF6CF932156]\nE       \t(No symbol) [0x00007FF6CF967CC0]\nE       \t(No symbol) [0x00007FF6CF990169]\nE       \t(No symbol) [0x00007FF6CF967883]\nE       \t(No symbol) [0x00007FF6CF930550]\nE       \t(No symbol) [0x00007FF6CF931803]\nE       \tGetHandleVerifier [0x00007FF6CFE472DD+3529853]\nE       \tGetHandleVerifier [0x00007FF6CFE5DA42+3621858]\nE       \tGetHandleVerifier [0x00007FF6CFE524F3+3575443]\nE       \tGetHandleVerifier [0x00007FF6CFBBB79A+860474]\nE       \t(No symbol) [0x00007FF6CFA608AF]\nE       \t(No symbol) [0x00007FF6CFA5CBE4]\nE       \t(No symbol) [0x00007FF6CFA5CD86]\nE       \t(No symbol) [0x00007FF6CFA4C2E9]\nE       \tBaseThreadInitThunk [0x00007FF86D7D259D+29]\nE       \tRtlUserThreadStart [0x00007FF86EB2AF38+40]\n\n.venv\\Lib\\site-packages\\selenium\\webdriver\\remote\\errorhandler.py:232: ElementClickInterceptedException"}, "parameters": [{"name": "setup_teardown", "value": "'chrome'"}], "start": 1743015579033, "stop": 1743015588683, "uuid": "ff3657ea-e016-4eaa-9c78-754e2c9ee427", "historyId": "c0880146f7ebc6635cfcefdece1def95", "testCaseId": "ef98ff4fadc1630dbfd804798181383c", "fullName": "fixtures_paraWithDriver.test_diffbrowser#test_allureReport_v3", "labels": [{"name": "severity", "value": "blocker"}, {"name": "parentSuite", "value": "fixtures_paraWithDriver"}, {"name": "suite", "value": "test_diffbrowser"}, {"name": "host", "value": "Edmond"}, {"name": "thread", "value": "20608-MainThread"}, {"name": "framework", "value": "pytest"}, {"name": "language", "value": "cpython3"}, {"name": "package", "value": "fixtures_paraWithDriver.test_diffbrowser"}]}