{"name": "test_allureReport_v2", "status": "failed", "statusDetails": {"message": "AssertionError: 故意失敗以測試截圖\nassert False", "trace": "test_selenium_capture_debug = <selenium.webdriver.chrome.webdriver.WebDriver (session=\"63fc78de882468b14c62aecedf0fbf77\")>\n\n    @allure.severity(allure.severity_level.MINOR)\n    def test_allureReport_v2(test_selenium_capture_debug):\n        driver = test_selenium_capture_debug\n        driver.get(\"https://allurereport.org/\")\n        element = driver.find_element(by=By.XPATH, value=\"//span[normalize-space()='Allure Report']\")\n        element.click()\n        # 故意失敗的測試\n>       assert False, \"故意失敗以測試截圖\"\nE       AssertionError: 故意失敗以測試截圖\nE       assert False\n\nallureServerity_failScreenShot\\test_Serverity.py:44: AssertionError"}, "start": 1743013735603, "stop": 1743013736303, "uuid": "53553a4c-7fd9-4b94-8b7c-bc137481555c", "historyId": "f4826005db2236da5d7c37a228da4d2b", "testCaseId": "f4826005db2236da5d7c37a228da4d2b", "fullName": "allureServerity_failScreenShot.test_Serverity#test_allureReport_v2", "labels": [{"name": "severity", "value": "minor"}, {"name": "parentSuite", "value": "allureServerity_failScreenShot"}, {"name": "suite", "value": "test_Serverity"}, {"name": "host", "value": "Edmond"}, {"name": "thread", "value": "40688-MainThread"}, {"name": "framework", "value": "pytest"}, {"name": "language", "value": "cpython3"}, {"name": "package", "value": "allureServerity_failScreenShot.test_Serverity"}]}